C:\USERS\SAARTJE\DESKTOP\GRAPHICS PROGRAMMING EXAM\ALL LABO'S\WEEK_5\OVERLORDENGINE_W5_STUDENTS2\OVERLORDENGINE\RELEASE\OVERLORDENGINE.PCH
C:\USERS\SAARTJE\DESKTOP\GRAPHICS PROGRAMMING EXAM\ALL LABO'S\WEEK_5\OVERLORDENGINE_W5_STUDENTS2\OVERLORDENGINE\RELEASE\STDAFX.OBJ
C:\USERS\SAARTJE\DESKTOP\GRAPHICS PROGRAMMING EXAM\ALL LABO'S\WEEK_5\OVERLORDENGINE_W5_STUDENTS2\OVERLORDENGINE\RELEASE\VC110.PDB
C:\USERS\SAARTJE\DESKTOP\GRAPHICS PROGRAMMING EXAM\ALL LABO'S\WEEK_5\OVERLORDENGINE_W5_STUDENTS2\OVERLORDENGINE\RELEASE\MESHFILTERLOADER.OBJ
C:\USERS\SAARTJE\DESKTOP\GRAPHICS PROGRAMMING EXAM\ALL LABO'S\WEEK_5\OVERLORDENGINE_W5_STUDENTS2\OVERLORDENGINE\RELEASE\EFFECTLOADER.OBJ
C:\USERS\SAARTJE\DESKTOP\GRAPHICS PROGRAMMING EXAM\ALL LABO'S\WEEK_5\OVERLORDENGINE_W5_STUDENTS2\OVERLORDENGINE\RELEASE\TEXTUREDATALOADER.OBJ
C:\USERS\SAARTJE\DESKTOP\GRAPHICS PROGRAMMING EXAM\ALL LABO'S\WEEK_5\OVERLORDENGINE_W5_STUDENTS2\OVERLORDENGINE\RELEASE\CONTENTMANAGER.OBJ
C:\USERS\SAARTJE\DESKTOP\GRAPHICS PROGRAMMING EXAM\ALL LABO'S\WEEK_5\OVERLORDENGINE_W5_STUDENTS2\OVERLORDENGINE\RELEASE\MESHINDEXEDDRAWCOMPONENT.OBJ
C:\USERS\SAARTJE\DESKTOP\GRAPHICS PROGRAMMING EXAM\ALL LABO'S\WEEK_5\OVERLORDENGINE_W5_STUDENTS2\OVERLORDENGINE\RELEASE\MESHDRAWCOMPONENT.OBJ
C:\USERS\SAARTJE\DESKTOP\GRAPHICS PROGRAMMING EXAM\ALL LABO'S\WEEK_5\OVERLORDENGINE_W5_STUDENTS2\OVERLORDENGINE\RELEASE\OVERLORDGAME.OBJ
C:\USERS\SAARTJE\DESKTOP\GRAPHICS PROGRAMMING EXAM\ALL LABO'S\WEEK_5\OVERLORDENGINE_W5_STUDENTS2\OVERLORDENGINE\RELEASE\BASECOMPONENT.OBJ
C:\USERS\SAARTJE\DESKTOP\GRAPHICS PROGRAMMING EXAM\ALL LABO'S\WEEK_5\OVERLORDENGINE_W5_STUDENTS2\OVERLORDENGINE\RELEASE\CAMERACOMPONENT.OBJ
C:\USERS\SAARTJE\DESKTOP\GRAPHICS PROGRAMMING EXAM\ALL LABO'S\WEEK_5\OVERLORDENGINE_W5_STUDENTS2\OVERLORDENGINE\RELEASE\COLLIDERCOMPONENT.OBJ
C:\USERS\SAARTJE\DESKTOP\GRAPHICS PROGRAMMING EXAM\ALL LABO'S\WEEK_5\OVERLORDENGINE_W5_STUDENTS2\OVERLORDENGINE\RELEASE\INPUTMANAGER.OBJ
C:\USERS\SAARTJE\DESKTOP\GRAPHICS PROGRAMMING EXAM\ALL LABO'S\WEEK_5\OVERLORDENGINE_W5_STUDENTS2\OVERLORDENGINE\RELEASE\RIGIDBODYCOMPONENT.OBJ
C:\USERS\SAARTJE\DESKTOP\GRAPHICS PROGRAMMING EXAM\ALL LABO'S\WEEK_5\OVERLORDENGINE_W5_STUDENTS2\OVERLORDENGINE\RELEASE\SKYBOXPREFAB.OBJ
C:\USERS\SAARTJE\DESKTOP\GRAPHICS PROGRAMMING EXAM\ALL LABO'S\WEEK_5\OVERLORDENGINE_W5_STUDENTS2\OVERLORDENGINE\RELEASE\TEXTRENDERER.OBJ
C:\USERS\SAARTJE\DESKTOP\GRAPHICS PROGRAMMING EXAM\ALL LABO'S\WEEK_5\OVERLORDENGINE_W5_STUDENTS2\OVERLORDENGINE\RELEASE\SPRITEFONT.OBJ
C:\USERS\SAARTJE\DESKTOP\GRAPHICS PROGRAMMING EXAM\ALL LABO'S\WEEK_5\OVERLORDENGINE_W5_STUDENTS2\OVERLORDENGINE\RELEASE\POSTPROCESSINGMATERIAL.OBJ
C:\USERS\SAARTJE\DESKTOP\GRAPHICS PROGRAMMING EXAM\ALL LABO'S\WEEK_5\OVERLORDENGINE_W5_STUDENTS2\OVERLORDENGINE\RELEASE\PARTICLE.OBJ
C:\USERS\SAARTJE\DESKTOP\GRAPHICS PROGRAMMING EXAM\ALL LABO'S\WEEK_5\OVERLORDENGINE_W5_STUDENTS2\OVERLORDENGINE\RELEASE\MODELANIMATOR.OBJ
C:\USERS\SAARTJE\DESKTOP\GRAPHICS PROGRAMMING EXAM\ALL LABO'S\WEEK_5\OVERLORDENGINE_W5_STUDENTS2\OVERLORDENGINE\RELEASE\SPRITEFONTLOADER.OBJ
C:\USERS\SAARTJE\DESKTOP\GRAPHICS PROGRAMMING EXAM\ALL LABO'S\WEEK_5\OVERLORDENGINE_W5_STUDENTS2\OVERLORDENGINE\RELEASE\PARTICLEEMITTERCOMPONENT.OBJ
C:\USERS\SAARTJE\DESKTOP\GRAPHICS PROGRAMMING EXAM\ALL LABO'S\WEEK_5\OVERLORDENGINE_W5_STUDENTS2\OVERLORDENGINE\RELEASE\GAMESPECS.OBJ
C:\USERS\SAARTJE\DESKTOP\GRAPHICS PROGRAMMING EXAM\ALL LABO'S\WEEK_5\OVERLORDENGINE_W5_STUDENTS2\OVERLORDENGINE\RELEASE\GAMETIME.OBJ
C:\USERS\SAARTJE\DESKTOP\GRAPHICS PROGRAMMING EXAM\ALL LABO'S\WEEK_5\OVERLORDENGINE_W5_STUDENTS2\OVERLORDENGINE\RELEASE\LOGGER.OBJ
C:\USERS\SAARTJE\DESKTOP\GRAPHICS PROGRAMMING EXAM\ALL LABO'S\WEEK_5\OVERLORDENGINE_W5_STUDENTS2\OVERLORDENGINE\RELEASE\CUBEPREFAB.OBJ
C:\USERS\SAARTJE\DESKTOP\GRAPHICS PROGRAMMING EXAM\ALL LABO'S\WEEK_5\OVERLORDENGINE_W5_STUDENTS2\OVERLORDENGINE\RELEASE\PHYSXMANAGER.OBJ
C:\USERS\SAARTJE\DESKTOP\GRAPHICS PROGRAMMING EXAM\ALL LABO'S\WEEK_5\OVERLORDENGINE_W5_STUDENTS2\OVERLORDENGINE\RELEASE\PHYSXERRORCALLBACK.OBJ
C:\USERS\SAARTJE\DESKTOP\GRAPHICS PROGRAMMING EXAM\ALL LABO'S\WEEK_5\OVERLORDENGINE_W5_STUDENTS2\OVERLORDENGINE\RELEASE\PHYSXPROXY.OBJ
C:\USERS\SAARTJE\DESKTOP\GRAPHICS PROGRAMMING EXAM\ALL LABO'S\WEEK_5\OVERLORDENGINE_W5_STUDENTS2\OVERLORDENGINE\RELEASE\MATHHELPER.OBJ
C:\USERS\SAARTJE\DESKTOP\GRAPHICS PROGRAMMING EXAM\ALL LABO'S\WEEK_5\OVERLORDENGINE_W5_STUDENTS2\OVERLORDENGINE\RELEASE\MATERIALMANAGER.OBJ
C:\USERS\SAARTJE\DESKTOP\GRAPHICS PROGRAMMING EXAM\ALL LABO'S\WEEK_5\OVERLORDENGINE_W5_STUDENTS2\OVERLORDENGINE\RELEASE\VERTEXHELPER.OBJ
C:\USERS\SAARTJE\DESKTOP\GRAPHICS PROGRAMMING EXAM\ALL LABO'S\WEEK_5\OVERLORDENGINE_W5_STUDENTS2\OVERLORDENGINE\RELEASE\PHYSXHELPER.OBJ
C:\USERS\SAARTJE\DESKTOP\GRAPHICS PROGRAMMING EXAM\ALL LABO'S\WEEK_5\OVERLORDENGINE_W5_STUDENTS2\OVERLORDENGINE\RELEASE\MATERIAL.OBJ
C:\USERS\SAARTJE\DESKTOP\GRAPHICS PROGRAMMING EXAM\ALL LABO'S\WEEK_5\OVERLORDENGINE_W5_STUDENTS2\OVERLORDENGINE\RELEASE\MODELCOMPONENT.OBJ
C:\USERS\SAARTJE\DESKTOP\GRAPHICS PROGRAMMING EXAM\ALL LABO'S\WEEK_5\OVERLORDENGINE_W5_STUDENTS2\OVERLORDENGINE\RELEASE\BINARYREADER.OBJ
C:\USERS\SAARTJE\DESKTOP\GRAPHICS PROGRAMMING EXAM\ALL LABO'S\WEEK_5\OVERLORDENGINE_W5_STUDENTS2\OVERLORDENGINE\RELEASE\MESHFILTER.OBJ
C:\USERS\SAARTJE\DESKTOP\GRAPHICS PROGRAMMING EXAM\ALL LABO'S\WEEK_5\OVERLORDENGINE_W5_STUDENTS2\OVERLORDENGINE\RELEASE\EFFECTHELPER.OBJ
C:\USERS\SAARTJE\DESKTOP\GRAPHICS PROGRAMMING EXAM\ALL LABO'S\WEEK_5\OVERLORDENGINE_W5_STUDENTS2\OVERLORDENGINE\RELEASE\DEBUGRENDERER.OBJ
C:\USERS\SAARTJE\DESKTOP\GRAPHICS PROGRAMMING EXAM\ALL LABO'S\WEEK_5\OVERLORDENGINE_W5_STUDENTS2\OVERLORDENGINE\RELEASE\PXTRIANGLEMESHLOADER.OBJ
C:\USERS\SAARTJE\DESKTOP\GRAPHICS PROGRAMMING EXAM\ALL LABO'S\WEEK_5\OVERLORDENGINE_W5_STUDENTS2\OVERLORDENGINE\RELEASE\PXCONVEXMESHLOADER.OBJ
C:\USERS\SAARTJE\DESKTOP\GRAPHICS PROGRAMMING EXAM\ALL LABO'S\WEEK_5\OVERLORDENGINE_W5_STUDENTS2\OVERLORDENGINE\RELEASE\CONTROLLERCOMPONENT.OBJ
C:\USERS\SAARTJE\DESKTOP\GRAPHICS PROGRAMMING EXAM\ALL LABO'S\WEEK_5\OVERLORDENGINE_W5_STUDENTS2\OVERLORDENGINE\RELEASE\SPRITECOMPONENT.OBJ
C:\USERS\SAARTJE\DESKTOP\GRAPHICS PROGRAMMING EXAM\ALL LABO'S\WEEK_5\OVERLORDENGINE_W5_STUDENTS2\OVERLORDENGINE\RELEASE\SPRITERENDERER.OBJ
C:\USERS\SAARTJE\DESKTOP\GRAPHICS PROGRAMMING EXAM\ALL LABO'S\WEEK_5\OVERLORDENGINE_W5_STUDENTS2\OVERLORDENGINE\RELEASE\TEXTUREDATA.OBJ
C:\USERS\SAARTJE\DESKTOP\GRAPHICS PROGRAMMING EXAM\ALL LABO'S\WEEK_5\OVERLORDENGINE_W5_STUDENTS2\OVERLORDENGINE\RELEASE\TRANSFORMCOMPONENT.OBJ
C:\USERS\SAARTJE\DESKTOP\GRAPHICS PROGRAMMING EXAM\ALL LABO'S\WEEK_5\OVERLORDENGINE_W5_STUDENTS2\OVERLORDENGINE\RELEASE\SCENEMANAGER.OBJ
C:\USERS\SAARTJE\DESKTOP\GRAPHICS PROGRAMMING EXAM\ALL LABO'S\WEEK_5\OVERLORDENGINE_W5_STUDENTS2\OVERLORDENGINE\RELEASE\RENDERTARGET.OBJ
C:\USERS\SAARTJE\DESKTOP\GRAPHICS PROGRAMMING EXAM\ALL LABO'S\WEEK_5\OVERLORDENGINE_W5_STUDENTS2\OVERLORDENGINE\RELEASE\GAMEOBJECT.OBJ
C:\USERS\SAARTJE\DESKTOP\GRAPHICS PROGRAMMING EXAM\ALL LABO'S\WEEK_5\OVERLORDENGINE_W5_STUDENTS2\OVERLORDENGINE\RELEASE\GAMESCENE.OBJ
C:\USERS\SAARTJE\DESKTOP\GRAPHICS PROGRAMMING EXAM\ALL LABO'S\WEEK_5\OVERLORDENGINE_W5_STUDENTS2\OVERLORDENGINE\RELEASE\TORUSPREFAB.OBJ
C:\USERS\SAARTJE\DESKTOP\GRAPHICS PROGRAMMING EXAM\ALL LABO'S\WEEK_5\OVERLORDENGINE_W5_STUDENTS2\OVERLORDENGINE\RELEASE\SPHEREPREFAB.OBJ
C:\USERS\SAARTJE\DESKTOP\GRAPHICS PROGRAMMING EXAM\ALL LABO'S\WEEK_5\OVERLORDENGINE_W5_STUDENTS2\OVERLORDENGINE\RELEASE\FREECAMERA.OBJ
C:\USERS\SAARTJE\DESKTOP\GRAPHICS PROGRAMMING EXAM\ALL LABO'S\WEEK_5\OVERLORDENGINE_W5_STUDENTS2\OVERLORDENGINE\RELEASE\FIXEDCAMERA.OBJ
C:\USERS\SAARTJE\DESKTOP\GRAPHICS PROGRAMMING EXAM\ALL LABO'S\WEEK_5\OVERLORDENGINE_W5_STUDENTS2\OVERLORDENGINE\RELEASE\OVERLORDENGINE.LIB
C:\Users\saartje\Desktop\Codde_Saartje_2DAE_GD2_Opdracht1\Source\OverlordEngine\Release\BaseComponent.obj
C:\Users\saartje\Desktop\Codde_Saartje_2DAE_GD2_Opdracht1\Source\OverlordEngine\Release\BinaryReader.obj
C:\Users\saartje\Desktop\Codde_Saartje_2DAE_GD2_Opdracht1\Source\OverlordEngine\Release\CameraComponent.obj
C:\Users\saartje\Desktop\Codde_Saartje_2DAE_GD2_Opdracht1\Source\OverlordEngine\Release\ColliderComponent.obj
C:\Users\saartje\Desktop\Codde_Saartje_2DAE_GD2_Opdracht1\Source\OverlordEngine\Release\ContentManager.obj
C:\Users\saartje\Desktop\Codde_Saartje_2DAE_GD2_Opdracht1\Source\OverlordEngine\Release\ControllerComponent.obj
C:\Users\saartje\Desktop\Codde_Saartje_2DAE_GD2_Opdracht1\Source\OverlordEngine\Release\CubePrefab.obj
C:\Users\saartje\Desktop\Codde_Saartje_2DAE_GD2_Opdracht1\Source\OverlordEngine\Release\DebugRenderer.obj
C:\Users\saartje\Desktop\Codde_Saartje_2DAE_GD2_Opdracht1\Source\OverlordEngine\Release\EffectHelper.obj
C:\Users\saartje\Desktop\Codde_Saartje_2DAE_GD2_Opdracht1\Source\OverlordEngine\Release\EffectLoader.obj
C:\Users\saartje\Desktop\Codde_Saartje_2DAE_GD2_Opdracht1\Source\OverlordEngine\Release\FixedCamera.obj
C:\Users\saartje\Desktop\Codde_Saartje_2DAE_GD2_Opdracht1\Source\OverlordEngine\Release\FreeCamera.obj
C:\Users\saartje\Desktop\Codde_Saartje_2DAE_GD2_Opdracht1\Source\OverlordEngine\Release\GameObject.obj
C:\Users\saartje\Desktop\Codde_Saartje_2DAE_GD2_Opdracht1\Source\OverlordEngine\Release\GameScene.obj
C:\Users\saartje\Desktop\Codde_Saartje_2DAE_GD2_Opdracht1\Source\OverlordEngine\Release\GameSpecs.obj
C:\Users\saartje\Desktop\Codde_Saartje_2DAE_GD2_Opdracht1\Source\OverlordEngine\Release\GameTime.obj
C:\Users\saartje\Desktop\Codde_Saartje_2DAE_GD2_Opdracht1\Source\OverlordEngine\Release\InputManager.obj
C:\Users\saartje\Desktop\Codde_Saartje_2DAE_GD2_Opdracht1\Source\OverlordEngine\Release\Logger.obj
C:\Users\saartje\Desktop\Codde_Saartje_2DAE_GD2_Opdracht1\Source\OverlordEngine\Release\Material.obj
C:\Users\saartje\Desktop\Codde_Saartje_2DAE_GD2_Opdracht1\Source\OverlordEngine\Release\MaterialManager.obj
C:\Users\saartje\Desktop\Codde_Saartje_2DAE_GD2_Opdracht1\Source\OverlordEngine\Release\MathHelper.obj
C:\Users\saartje\Desktop\Codde_Saartje_2DAE_GD2_Opdracht1\Source\OverlordEngine\Release\MeshDrawComponent.obj
C:\Users\saartje\Desktop\Codde_Saartje_2DAE_GD2_Opdracht1\Source\OverlordEngine\Release\MeshFilter.obj
C:\Users\saartje\Desktop\Codde_Saartje_2DAE_GD2_Opdracht1\Source\OverlordEngine\Release\MeshFilterLoader.obj
C:\Users\saartje\Desktop\Codde_Saartje_2DAE_GD2_Opdracht1\Source\OverlordEngine\Release\MeshIndexedDrawComponent.obj
C:\Users\saartje\Desktop\Codde_Saartje_2DAE_GD2_Opdracht1\Source\OverlordEngine\Release\ModelAnimator.obj
C:\Users\saartje\Desktop\Codde_Saartje_2DAE_GD2_Opdracht1\Source\OverlordEngine\Release\ModelComponent.obj
C:\Users\saartje\Desktop\Codde_Saartje_2DAE_GD2_Opdracht1\Source\OverlordEngine\Release\OverlordGame.obj
C:\Users\saartje\Desktop\Codde_Saartje_2DAE_GD2_Opdracht1\Source\OverlordEngine\Release\Particle.obj
C:\Users\saartje\Desktop\Codde_Saartje_2DAE_GD2_Opdracht1\Source\OverlordEngine\Release\ParticleEmitterComponent.obj
C:\Users\saartje\Desktop\Codde_Saartje_2DAE_GD2_Opdracht1\Source\OverlordEngine\Release\PhysxErrorCallback.obj
C:\Users\saartje\Desktop\Codde_Saartje_2DAE_GD2_Opdracht1\Source\OverlordEngine\Release\PhysxHelper.obj
C:\Users\saartje\Desktop\Codde_Saartje_2DAE_GD2_Opdracht1\Source\OverlordEngine\Release\PhysxManager.obj
C:\Users\saartje\Desktop\Codde_Saartje_2DAE_GD2_Opdracht1\Source\OverlordEngine\Release\PhysxProxy.obj
C:\Users\saartje\Desktop\Codde_Saartje_2DAE_GD2_Opdracht1\Source\OverlordEngine\Release\PostProcessingMaterial.obj
C:\Users\saartje\Desktop\Codde_Saartje_2DAE_GD2_Opdracht1\Source\OverlordEngine\Release\PxConvexMeshLoader.obj
C:\Users\saartje\Desktop\Codde_Saartje_2DAE_GD2_Opdracht1\Source\OverlordEngine\Release\PxTriangleMeshLoader.obj
C:\Users\saartje\Desktop\Codde_Saartje_2DAE_GD2_Opdracht1\Source\OverlordEngine\Release\RenderTarget.obj
C:\Users\saartje\Desktop\Codde_Saartje_2DAE_GD2_Opdracht1\Source\OverlordEngine\Release\RigidBodyComponent.obj
C:\Users\saartje\Desktop\Codde_Saartje_2DAE_GD2_Opdracht1\Source\OverlordEngine\Release\SceneManager.obj
C:\Users\saartje\Desktop\Codde_Saartje_2DAE_GD2_Opdracht1\Source\OverlordEngine\Release\SkyBoxPrefab.obj
C:\Users\saartje\Desktop\Codde_Saartje_2DAE_GD2_Opdracht1\Source\OverlordEngine\Release\SpherePrefab.obj
C:\Users\saartje\Desktop\Codde_Saartje_2DAE_GD2_Opdracht1\Source\OverlordEngine\Release\SpriteComponent.obj
C:\Users\saartje\Desktop\Codde_Saartje_2DAE_GD2_Opdracht1\Source\OverlordEngine\Release\SpriteFont.obj
C:\Users\saartje\Desktop\Codde_Saartje_2DAE_GD2_Opdracht1\Source\OverlordEngine\Release\SpriteFontLoader.obj
C:\Users\saartje\Desktop\Codde_Saartje_2DAE_GD2_Opdracht1\Source\OverlordEngine\Release\SpriteRenderer.obj
C:\Users\saartje\Desktop\Codde_Saartje_2DAE_GD2_Opdracht1\Source\OverlordEngine\Release\stdafx.obj
C:\Users\saartje\Desktop\Codde_Saartje_2DAE_GD2_Opdracht1\Source\OverlordEngine\Release\TextRenderer.obj
C:\Users\saartje\Desktop\Codde_Saartje_2DAE_GD2_Opdracht1\Source\OverlordEngine\Release\TextureData.obj
C:\Users\saartje\Desktop\Codde_Saartje_2DAE_GD2_Opdracht1\Source\OverlordEngine\Release\TextureDataLoader.obj
C:\Users\saartje\Desktop\Codde_Saartje_2DAE_GD2_Opdracht1\Source\OverlordEngine\Release\TorusPrefab.obj
C:\Users\saartje\Desktop\Codde_Saartje_2DAE_GD2_Opdracht1\Source\OverlordEngine\Release\TransformComponent.obj
C:\Users\saartje\Desktop\Codde_Saartje_2DAE_GD2_Opdracht1\Source\OverlordEngine\Release\VertexHelper.obj
C:\Users\saartje\Desktop\Codde_Saartje_2DAE_GD2_Opdracht1\Source\OverlordEngine\Release\cl.command.1.tlog
C:\Users\saartje\Desktop\Codde_Saartje_2DAE_GD2_Opdracht1\Source\OverlordEngine\Release\CL.read.1.tlog
C:\Users\saartje\Desktop\Codde_Saartje_2DAE_GD2_Opdracht1\Source\OverlordEngine\Release\CL.write.1.tlog
C:\Users\saartje\Desktop\Codde_Saartje_2DAE_GD2_Opdracht1\Source\OverlordEngine\Release\Lib-link.read.1.tlog
C:\Users\saartje\Desktop\Codde_Saartje_2DAE_GD2_Opdracht1\Source\OverlordEngine\Release\Lib-link.write.1.tlog
C:\Users\saartje\Desktop\Codde_Saartje_2DAE_GD2_Opdracht1\Source\OverlordEngine\Release\lib.command.1.tlog
C:\Users\saartje\Desktop\Codde_Saartje_2DAE_GD2_Opdracht1\Source\OverlordEngine\Release\OverlordEngine.pch
C:\Users\saartje\Desktop\Codde_Saartje_2DAE_GD2_Opdracht1\Source\OverlordEngine\Release\vc110.pdb
C:\Users\saartje\Desktop\Codde_Saartje_2DAE_GD2_Opdracht1\Source\OverlordEngine\Release\OverlordEngine.lib
