C:\USERS\SAARTJE\DOCUMENTS\DIGITAL ARTS & ENTERTAINMENT\GRAPHICS PROGRAMMING 2\CODDE_SAARTJE_2DAE_GD2_OPDRACHT1\SOURCE\OVERLORDENGINE\DEBUG\OVERLORDENGINE.PCH
C:\USERS\SAARTJE\DOCUMENTS\DIGITAL ARTS & ENTERTAINMENT\GRAPHICS PROGRAMMING 2\CODDE_SAARTJE_2DAE_GD2_OPDRACHT1\SOURCE\OVERLORDENGINE\DEBUG\STDAFX.OBJ
C:\USERS\SAARTJE\DOCUMENTS\DIGITAL ARTS & ENTERTAINMENT\GRAPHICS PROGRAMMING 2\CODDE_SAARTJE_2DAE_GD2_OPDRACHT1\SOURCE\OVERLORDENGINE\DEBUG\VC110.PDB
C:\USERS\SAARTJE\DOCUMENTS\DIGITAL ARTS & ENTERTAINMENT\GRAPHICS PROGRAMMING 2\CODDE_SAARTJE_2DAE_GD2_OPDRACHT1\SOURCE\OVERLORDENGINE\DEBUG\PHYSXPROXY.OBJ
C:\USERS\SAARTJE\DOCUMENTS\DIGITAL ARTS & ENTERTAINMENT\GRAPHICS PROGRAMMING 2\CODDE_SAARTJE_2DAE_GD2_OPDRACHT1\SOURCE\OVERLORDENGINE\DEBUG\PHYSXERRORCALLBACK.OBJ
C:\USERS\SAARTJE\DOCUMENTS\DIGITAL ARTS & ENTERTAINMENT\GRAPHICS PROGRAMMING 2\CODDE_SAARTJE_2DAE_GD2_OPDRACHT1\SOURCE\OVERLORDENGINE\DEBUG\PHYSXMANAGER.OBJ
C:\USERS\SAARTJE\DOCUMENTS\DIGITAL ARTS & ENTERTAINMENT\GRAPHICS PROGRAMMING 2\CODDE_SAARTJE_2DAE_GD2_OPDRACHT1\SOURCE\OVERLORDENGINE\DEBUG\CUBEPREFAB.OBJ
C:\USERS\SAARTJE\DOCUMENTS\DIGITAL ARTS & ENTERTAINMENT\GRAPHICS PROGRAMMING 2\CODDE_SAARTJE_2DAE_GD2_OPDRACHT1\SOURCE\OVERLORDENGINE\DEBUG\LOGGER.OBJ
C:\USERS\SAARTJE\DOCUMENTS\DIGITAL ARTS & ENTERTAINMENT\GRAPHICS PROGRAMMING 2\CODDE_SAARTJE_2DAE_GD2_OPDRACHT1\SOURCE\OVERLORDENGINE\DEBUG\GAMETIME.OBJ
C:\USERS\SAARTJE\DOCUMENTS\DIGITAL ARTS & ENTERTAINMENT\GRAPHICS PROGRAMMING 2\CODDE_SAARTJE_2DAE_GD2_OPDRACHT1\SOURCE\OVERLORDENGINE\DEBUG\GAMESPECS.OBJ
C:\USERS\SAARTJE\DOCUMENTS\DIGITAL ARTS & ENTERTAINMENT\GRAPHICS PROGRAMMING 2\CODDE_SAARTJE_2DAE_GD2_OPDRACHT1\SOURCE\OVERLORDENGINE\DEBUG\FIXEDCAMERA.OBJ
C:\USERS\SAARTJE\DOCUMENTS\DIGITAL ARTS & ENTERTAINMENT\GRAPHICS PROGRAMMING 2\CODDE_SAARTJE_2DAE_GD2_OPDRACHT1\SOURCE\OVERLORDENGINE\DEBUG\FREECAMERA.OBJ
C:\USERS\SAARTJE\DOCUMENTS\DIGITAL ARTS & ENTERTAINMENT\GRAPHICS PROGRAMMING 2\CODDE_SAARTJE_2DAE_GD2_OPDRACHT1\SOURCE\OVERLORDENGINE\DEBUG\SKYBOXPREFAB.OBJ
C:\USERS\SAARTJE\DOCUMENTS\DIGITAL ARTS & ENTERTAINMENT\GRAPHICS PROGRAMMING 2\CODDE_SAARTJE_2DAE_GD2_OPDRACHT1\SOURCE\OVERLORDENGINE\DEBUG\SPHEREPREFAB.OBJ
C:\USERS\SAARTJE\DOCUMENTS\DIGITAL ARTS & ENTERTAINMENT\GRAPHICS PROGRAMMING 2\CODDE_SAARTJE_2DAE_GD2_OPDRACHT1\SOURCE\OVERLORDENGINE\DEBUG\TORUSPREFAB.OBJ
C:\USERS\SAARTJE\DOCUMENTS\DIGITAL ARTS & ENTERTAINMENT\GRAPHICS PROGRAMMING 2\CODDE_SAARTJE_2DAE_GD2_OPDRACHT1\SOURCE\OVERLORDENGINE\DEBUG\GAMESCENE.OBJ
C:\USERS\SAARTJE\DOCUMENTS\DIGITAL ARTS & ENTERTAINMENT\GRAPHICS PROGRAMMING 2\CODDE_SAARTJE_2DAE_GD2_OPDRACHT1\SOURCE\OVERLORDENGINE\DEBUG\GAMEOBJECT.OBJ
C:\USERS\SAARTJE\DOCUMENTS\DIGITAL ARTS & ENTERTAINMENT\GRAPHICS PROGRAMMING 2\CODDE_SAARTJE_2DAE_GD2_OPDRACHT1\SOURCE\OVERLORDENGINE\DEBUG\RENDERTARGET.OBJ
C:\USERS\SAARTJE\DOCUMENTS\DIGITAL ARTS & ENTERTAINMENT\GRAPHICS PROGRAMMING 2\CODDE_SAARTJE_2DAE_GD2_OPDRACHT1\SOURCE\OVERLORDENGINE\DEBUG\SCENEMANAGER.OBJ
C:\USERS\SAARTJE\DOCUMENTS\DIGITAL ARTS & ENTERTAINMENT\GRAPHICS PROGRAMMING 2\CODDE_SAARTJE_2DAE_GD2_OPDRACHT1\SOURCE\OVERLORDENGINE\DEBUG\TRANSFORMCOMPONENT.OBJ
C:\USERS\SAARTJE\DOCUMENTS\DIGITAL ARTS & ENTERTAINMENT\GRAPHICS PROGRAMMING 2\CODDE_SAARTJE_2DAE_GD2_OPDRACHT1\SOURCE\OVERLORDENGINE\DEBUG\TEXTUREDATA.OBJ
C:\USERS\SAARTJE\DOCUMENTS\DIGITAL ARTS & ENTERTAINMENT\GRAPHICS PROGRAMMING 2\CODDE_SAARTJE_2DAE_GD2_OPDRACHT1\SOURCE\OVERLORDENGINE\DEBUG\SPRITERENDERER.OBJ
C:\USERS\SAARTJE\DOCUMENTS\DIGITAL ARTS & ENTERTAINMENT\GRAPHICS PROGRAMMING 2\CODDE_SAARTJE_2DAE_GD2_OPDRACHT1\SOURCE\OVERLORDENGINE\DEBUG\SPRITECOMPONENT.OBJ
C:\USERS\SAARTJE\DOCUMENTS\DIGITAL ARTS & ENTERTAINMENT\GRAPHICS PROGRAMMING 2\CODDE_SAARTJE_2DAE_GD2_OPDRACHT1\SOURCE\OVERLORDENGINE\DEBUG\EFFECTLOADER.OBJ
C:\USERS\SAARTJE\DOCUMENTS\DIGITAL ARTS & ENTERTAINMENT\GRAPHICS PROGRAMMING 2\CODDE_SAARTJE_2DAE_GD2_OPDRACHT1\SOURCE\OVERLORDENGINE\DEBUG\MESHFILTERLOADER.OBJ
C:\USERS\SAARTJE\DOCUMENTS\DIGITAL ARTS & ENTERTAINMENT\GRAPHICS PROGRAMMING 2\CODDE_SAARTJE_2DAE_GD2_OPDRACHT1\SOURCE\OVERLORDENGINE\DEBUG\CONTROLLERCOMPONENT.OBJ
C:\USERS\SAARTJE\DOCUMENTS\DIGITAL ARTS & ENTERTAINMENT\GRAPHICS PROGRAMMING 2\CODDE_SAARTJE_2DAE_GD2_OPDRACHT1\SOURCE\OVERLORDENGINE\DEBUG\PXCONVEXMESHLOADER.OBJ
C:\USERS\SAARTJE\DOCUMENTS\DIGITAL ARTS & ENTERTAINMENT\GRAPHICS PROGRAMMING 2\CODDE_SAARTJE_2DAE_GD2_OPDRACHT1\SOURCE\OVERLORDENGINE\DEBUG\PXTRIANGLEMESHLOADER.OBJ
C:\USERS\SAARTJE\DOCUMENTS\DIGITAL ARTS & ENTERTAINMENT\GRAPHICS PROGRAMMING 2\CODDE_SAARTJE_2DAE_GD2_OPDRACHT1\SOURCE\OVERLORDENGINE\DEBUG\DEBUGRENDERER.OBJ
C:\USERS\SAARTJE\DOCUMENTS\DIGITAL ARTS & ENTERTAINMENT\GRAPHICS PROGRAMMING 2\CODDE_SAARTJE_2DAE_GD2_OPDRACHT1\SOURCE\OVERLORDENGINE\DEBUG\MODELANIMATOR.OBJ
C:\USERS\SAARTJE\DOCUMENTS\DIGITAL ARTS & ENTERTAINMENT\GRAPHICS PROGRAMMING 2\CODDE_SAARTJE_2DAE_GD2_OPDRACHT1\SOURCE\OVERLORDENGINE\DEBUG\PARTICLE.OBJ
C:\USERS\SAARTJE\DOCUMENTS\DIGITAL ARTS & ENTERTAINMENT\GRAPHICS PROGRAMMING 2\CODDE_SAARTJE_2DAE_GD2_OPDRACHT1\SOURCE\OVERLORDENGINE\DEBUG\POSTPROCESSINGMATERIAL.OBJ
C:\USERS\SAARTJE\DOCUMENTS\DIGITAL ARTS & ENTERTAINMENT\GRAPHICS PROGRAMMING 2\CODDE_SAARTJE_2DAE_GD2_OPDRACHT1\SOURCE\OVERLORDENGINE\DEBUG\SPRITEFONT.OBJ
C:\USERS\SAARTJE\DOCUMENTS\DIGITAL ARTS & ENTERTAINMENT\GRAPHICS PROGRAMMING 2\CODDE_SAARTJE_2DAE_GD2_OPDRACHT1\SOURCE\OVERLORDENGINE\DEBUG\TEXTRENDERER.OBJ
C:\USERS\SAARTJE\DOCUMENTS\DIGITAL ARTS & ENTERTAINMENT\GRAPHICS PROGRAMMING 2\CODDE_SAARTJE_2DAE_GD2_OPDRACHT1\SOURCE\OVERLORDENGINE\DEBUG\EFFECTHELPER.OBJ
C:\USERS\SAARTJE\DOCUMENTS\DIGITAL ARTS & ENTERTAINMENT\GRAPHICS PROGRAMMING 2\CODDE_SAARTJE_2DAE_GD2_OPDRACHT1\SOURCE\OVERLORDENGINE\DEBUG\MESHFILTER.OBJ
C:\USERS\SAARTJE\DOCUMENTS\DIGITAL ARTS & ENTERTAINMENT\GRAPHICS PROGRAMMING 2\CODDE_SAARTJE_2DAE_GD2_OPDRACHT1\SOURCE\OVERLORDENGINE\DEBUG\BINARYREADER.OBJ
C:\USERS\SAARTJE\DOCUMENTS\DIGITAL ARTS & ENTERTAINMENT\GRAPHICS PROGRAMMING 2\CODDE_SAARTJE_2DAE_GD2_OPDRACHT1\SOURCE\OVERLORDENGINE\DEBUG\MODELCOMPONENT.OBJ
C:\USERS\SAARTJE\DOCUMENTS\DIGITAL ARTS & ENTERTAINMENT\GRAPHICS PROGRAMMING 2\CODDE_SAARTJE_2DAE_GD2_OPDRACHT1\SOURCE\OVERLORDENGINE\DEBUG\MATERIAL.OBJ
C:\USERS\SAARTJE\DOCUMENTS\DIGITAL ARTS & ENTERTAINMENT\GRAPHICS PROGRAMMING 2\CODDE_SAARTJE_2DAE_GD2_OPDRACHT1\SOURCE\OVERLORDENGINE\DEBUG\PHYSXHELPER.OBJ
C:\USERS\SAARTJE\DOCUMENTS\DIGITAL ARTS & ENTERTAINMENT\GRAPHICS PROGRAMMING 2\CODDE_SAARTJE_2DAE_GD2_OPDRACHT1\SOURCE\OVERLORDENGINE\DEBUG\VERTEXHELPER.OBJ
C:\USERS\SAARTJE\DOCUMENTS\DIGITAL ARTS & ENTERTAINMENT\GRAPHICS PROGRAMMING 2\CODDE_SAARTJE_2DAE_GD2_OPDRACHT1\SOURCE\OVERLORDENGINE\DEBUG\MATERIALMANAGER.OBJ
C:\USERS\SAARTJE\DOCUMENTS\DIGITAL ARTS & ENTERTAINMENT\GRAPHICS PROGRAMMING 2\CODDE_SAARTJE_2DAE_GD2_OPDRACHT1\SOURCE\OVERLORDENGINE\DEBUG\MATHHELPER.OBJ
C:\USERS\SAARTJE\DOCUMENTS\DIGITAL ARTS & ENTERTAINMENT\GRAPHICS PROGRAMMING 2\CODDE_SAARTJE_2DAE_GD2_OPDRACHT1\SOURCE\OVERLORDENGINE\DEBUG\PARTICLEEMITTERCOMPONENT.OBJ
C:\USERS\SAARTJE\DOCUMENTS\DIGITAL ARTS & ENTERTAINMENT\GRAPHICS PROGRAMMING 2\CODDE_SAARTJE_2DAE_GD2_OPDRACHT1\SOURCE\OVERLORDENGINE\DEBUG\RIGIDBODYCOMPONENT.OBJ
C:\USERS\SAARTJE\DOCUMENTS\DIGITAL ARTS & ENTERTAINMENT\GRAPHICS PROGRAMMING 2\CODDE_SAARTJE_2DAE_GD2_OPDRACHT1\SOURCE\OVERLORDENGINE\DEBUG\INPUTMANAGER.OBJ
C:\USERS\SAARTJE\DOCUMENTS\DIGITAL ARTS & ENTERTAINMENT\GRAPHICS PROGRAMMING 2\CODDE_SAARTJE_2DAE_GD2_OPDRACHT1\SOURCE\OVERLORDENGINE\DEBUG\COLLIDERCOMPONENT.OBJ
C:\USERS\SAARTJE\DOCUMENTS\DIGITAL ARTS & ENTERTAINMENT\GRAPHICS PROGRAMMING 2\CODDE_SAARTJE_2DAE_GD2_OPDRACHT1\SOURCE\OVERLORDENGINE\DEBUG\CAMERACOMPONENT.OBJ
C:\USERS\SAARTJE\DOCUMENTS\DIGITAL ARTS & ENTERTAINMENT\GRAPHICS PROGRAMMING 2\CODDE_SAARTJE_2DAE_GD2_OPDRACHT1\SOURCE\OVERLORDENGINE\DEBUG\BASECOMPONENT.OBJ
C:\USERS\SAARTJE\DOCUMENTS\DIGITAL ARTS & ENTERTAINMENT\GRAPHICS PROGRAMMING 2\CODDE_SAARTJE_2DAE_GD2_OPDRACHT1\SOURCE\OVERLORDENGINE\DEBUG\OVERLORDGAME.OBJ
C:\USERS\SAARTJE\DOCUMENTS\DIGITAL ARTS & ENTERTAINMENT\GRAPHICS PROGRAMMING 2\CODDE_SAARTJE_2DAE_GD2_OPDRACHT1\SOURCE\OVERLORDENGINE\DEBUG\MESHDRAWCOMPONENT.OBJ
C:\USERS\SAARTJE\DOCUMENTS\DIGITAL ARTS & ENTERTAINMENT\GRAPHICS PROGRAMMING 2\CODDE_SAARTJE_2DAE_GD2_OPDRACHT1\SOURCE\OVERLORDENGINE\DEBUG\MESHINDEXEDDRAWCOMPONENT.OBJ
C:\USERS\SAARTJE\DOCUMENTS\DIGITAL ARTS & ENTERTAINMENT\GRAPHICS PROGRAMMING 2\CODDE_SAARTJE_2DAE_GD2_OPDRACHT1\SOURCE\OVERLORDENGINE\DEBUG\CONTENTMANAGER.OBJ
C:\USERS\SAARTJE\DOCUMENTS\DIGITAL ARTS & ENTERTAINMENT\GRAPHICS PROGRAMMING 2\CODDE_SAARTJE_2DAE_GD2_OPDRACHT1\SOURCE\OVERLORDENGINE\DEBUG\SPRITEFONTLOADER.OBJ
C:\USERS\SAARTJE\DOCUMENTS\DIGITAL ARTS & ENTERTAINMENT\GRAPHICS PROGRAMMING 2\CODDE_SAARTJE_2DAE_GD2_OPDRACHT1\SOURCE\OVERLORDENGINE\DEBUG\TEXTUREDATALOADER.OBJ
C:\USERS\SAARTJE\DESKTOP\EXAM GP\CODDE_SAARTJE_2DAE_GD2_OPDRACHT1\SOURCE\OVERLORDENGINE\DEBUG\OVERLORDENGINE.PCH
C:\USERS\SAARTJE\DESKTOP\EXAM GP\CODDE_SAARTJE_2DAE_GD2_OPDRACHT1\SOURCE\OVERLORDENGINE\DEBUG\STDAFX.OBJ
C:\USERS\SAARTJE\DESKTOP\EXAM GP\CODDE_SAARTJE_2DAE_GD2_OPDRACHT1\SOURCE\OVERLORDENGINE\DEBUG\VC110.PDB
C:\USERS\SAARTJE\DESKTOP\EXAM GP\CODDE_SAARTJE_2DAE_GD2_OPDRACHT1\SOURCE\OVERLORDENGINE\DEBUG\PHYSXPROXY.OBJ
C:\USERS\SAARTJE\DESKTOP\EXAM GP\CODDE_SAARTJE_2DAE_GD2_OPDRACHT1\SOURCE\OVERLORDENGINE\DEBUG\PHYSXERRORCALLBACK.OBJ
C:\USERS\SAARTJE\DESKTOP\EXAM GP\CODDE_SAARTJE_2DAE_GD2_OPDRACHT1\SOURCE\OVERLORDENGINE\DEBUG\PHYSXMANAGER.OBJ
C:\USERS\SAARTJE\DESKTOP\EXAM GP\CODDE_SAARTJE_2DAE_GD2_OPDRACHT1\SOURCE\OVERLORDENGINE\DEBUG\CUBEPREFAB.OBJ
C:\USERS\SAARTJE\DESKTOP\EXAM GP\CODDE_SAARTJE_2DAE_GD2_OPDRACHT1\SOURCE\OVERLORDENGINE\DEBUG\LOGGER.OBJ
C:\USERS\SAARTJE\DESKTOP\EXAM GP\CODDE_SAARTJE_2DAE_GD2_OPDRACHT1\SOURCE\OVERLORDENGINE\DEBUG\GAMETIME.OBJ
C:\USERS\SAARTJE\DESKTOP\EXAM GP\CODDE_SAARTJE_2DAE_GD2_OPDRACHT1\SOURCE\OVERLORDENGINE\DEBUG\GAMESPECS.OBJ
C:\USERS\SAARTJE\DESKTOP\EXAM GP\CODDE_SAARTJE_2DAE_GD2_OPDRACHT1\SOURCE\OVERLORDENGINE\DEBUG\FIXEDCAMERA.OBJ
C:\USERS\SAARTJE\DESKTOP\EXAM GP\CODDE_SAARTJE_2DAE_GD2_OPDRACHT1\SOURCE\OVERLORDENGINE\DEBUG\FREECAMERA.OBJ
C:\USERS\SAARTJE\DESKTOP\EXAM GP\CODDE_SAARTJE_2DAE_GD2_OPDRACHT1\SOURCE\OVERLORDENGINE\DEBUG\SKYBOXPREFAB.OBJ
C:\USERS\SAARTJE\DESKTOP\EXAM GP\CODDE_SAARTJE_2DAE_GD2_OPDRACHT1\SOURCE\OVERLORDENGINE\DEBUG\SPHEREPREFAB.OBJ
C:\USERS\SAARTJE\DESKTOP\EXAM GP\CODDE_SAARTJE_2DAE_GD2_OPDRACHT1\SOURCE\OVERLORDENGINE\DEBUG\TORUSPREFAB.OBJ
C:\USERS\SAARTJE\DESKTOP\EXAM GP\CODDE_SAARTJE_2DAE_GD2_OPDRACHT1\SOURCE\OVERLORDENGINE\DEBUG\GAMESCENE.OBJ
C:\USERS\SAARTJE\DESKTOP\EXAM GP\CODDE_SAARTJE_2DAE_GD2_OPDRACHT1\SOURCE\OVERLORDENGINE\DEBUG\GAMEOBJECT.OBJ
C:\USERS\SAARTJE\DESKTOP\EXAM GP\CODDE_SAARTJE_2DAE_GD2_OPDRACHT1\SOURCE\OVERLORDENGINE\DEBUG\RENDERTARGET.OBJ
C:\USERS\SAARTJE\DESKTOP\EXAM GP\CODDE_SAARTJE_2DAE_GD2_OPDRACHT1\SOURCE\OVERLORDENGINE\DEBUG\SCENEMANAGER.OBJ
C:\USERS\SAARTJE\DESKTOP\EXAM GP\CODDE_SAARTJE_2DAE_GD2_OPDRACHT1\SOURCE\OVERLORDENGINE\DEBUG\TRANSFORMCOMPONENT.OBJ
C:\USERS\SAARTJE\DESKTOP\EXAM GP\CODDE_SAARTJE_2DAE_GD2_OPDRACHT1\SOURCE\OVERLORDENGINE\DEBUG\TEXTUREDATA.OBJ
C:\USERS\SAARTJE\DESKTOP\EXAM GP\CODDE_SAARTJE_2DAE_GD2_OPDRACHT1\SOURCE\OVERLORDENGINE\DEBUG\SPRITERENDERER.OBJ
C:\USERS\SAARTJE\DESKTOP\EXAM GP\CODDE_SAARTJE_2DAE_GD2_OPDRACHT1\SOURCE\OVERLORDENGINE\DEBUG\SPRITECOMPONENT.OBJ
C:\USERS\SAARTJE\DESKTOP\EXAM GP\CODDE_SAARTJE_2DAE_GD2_OPDRACHT1\SOURCE\OVERLORDENGINE\DEBUG\EFFECTLOADER.OBJ
C:\USERS\SAARTJE\DESKTOP\EXAM GP\CODDE_SAARTJE_2DAE_GD2_OPDRACHT1\SOURCE\OVERLORDENGINE\DEBUG\MESHFILTERLOADER.OBJ
C:\USERS\SAARTJE\DESKTOP\EXAM GP\CODDE_SAARTJE_2DAE_GD2_OPDRACHT1\SOURCE\OVERLORDENGINE\DEBUG\CONTROLLERCOMPONENT.OBJ
C:\USERS\SAARTJE\DESKTOP\EXAM GP\CODDE_SAARTJE_2DAE_GD2_OPDRACHT1\SOURCE\OVERLORDENGINE\DEBUG\PXCONVEXMESHLOADER.OBJ
C:\USERS\SAARTJE\DESKTOP\EXAM GP\CODDE_SAARTJE_2DAE_GD2_OPDRACHT1\SOURCE\OVERLORDENGINE\DEBUG\PXTRIANGLEMESHLOADER.OBJ
C:\USERS\SAARTJE\DESKTOP\EXAM GP\CODDE_SAARTJE_2DAE_GD2_OPDRACHT1\SOURCE\OVERLORDENGINE\DEBUG\DEBUGRENDERER.OBJ
C:\USERS\SAARTJE\DESKTOP\EXAM GP\CODDE_SAARTJE_2DAE_GD2_OPDRACHT1\SOURCE\OVERLORDENGINE\DEBUG\MODELANIMATOR.OBJ
C:\USERS\SAARTJE\DESKTOP\EXAM GP\CODDE_SAARTJE_2DAE_GD2_OPDRACHT1\SOURCE\OVERLORDENGINE\DEBUG\PARTICLE.OBJ
C:\USERS\SAARTJE\DESKTOP\EXAM GP\CODDE_SAARTJE_2DAE_GD2_OPDRACHT1\SOURCE\OVERLORDENGINE\DEBUG\POSTPROCESSINGMATERIAL.OBJ
C:\USERS\SAARTJE\DESKTOP\EXAM GP\CODDE_SAARTJE_2DAE_GD2_OPDRACHT1\SOURCE\OVERLORDENGINE\DEBUG\SPRITEFONT.OBJ
C:\USERS\SAARTJE\DESKTOP\EXAM GP\CODDE_SAARTJE_2DAE_GD2_OPDRACHT1\SOURCE\OVERLORDENGINE\DEBUG\TEXTRENDERER.OBJ
C:\USERS\SAARTJE\DESKTOP\EXAM GP\CODDE_SAARTJE_2DAE_GD2_OPDRACHT1\SOURCE\OVERLORDENGINE\DEBUG\EFFECTHELPER.OBJ
C:\USERS\SAARTJE\DESKTOP\EXAM GP\CODDE_SAARTJE_2DAE_GD2_OPDRACHT1\SOURCE\OVERLORDENGINE\DEBUG\MESHFILTER.OBJ
C:\USERS\SAARTJE\DESKTOP\EXAM GP\CODDE_SAARTJE_2DAE_GD2_OPDRACHT1\SOURCE\OVERLORDENGINE\DEBUG\BINARYREADER.OBJ
C:\USERS\SAARTJE\DESKTOP\EXAM GP\CODDE_SAARTJE_2DAE_GD2_OPDRACHT1\SOURCE\OVERLORDENGINE\DEBUG\MODELCOMPONENT.OBJ
C:\USERS\SAARTJE\DESKTOP\EXAM GP\CODDE_SAARTJE_2DAE_GD2_OPDRACHT1\SOURCE\OVERLORDENGINE\DEBUG\MATERIAL.OBJ
C:\USERS\SAARTJE\DESKTOP\EXAM GP\CODDE_SAARTJE_2DAE_GD2_OPDRACHT1\SOURCE\OVERLORDENGINE\DEBUG\PHYSXHELPER.OBJ
C:\USERS\SAARTJE\DESKTOP\EXAM GP\CODDE_SAARTJE_2DAE_GD2_OPDRACHT1\SOURCE\OVERLORDENGINE\DEBUG\VERTEXHELPER.OBJ
C:\USERS\SAARTJE\DESKTOP\EXAM GP\CODDE_SAARTJE_2DAE_GD2_OPDRACHT1\SOURCE\OVERLORDENGINE\DEBUG\MATERIALMANAGER.OBJ
C:\USERS\SAARTJE\DESKTOP\EXAM GP\CODDE_SAARTJE_2DAE_GD2_OPDRACHT1\SOURCE\OVERLORDENGINE\DEBUG\MATHHELPER.OBJ
C:\USERS\SAARTJE\DESKTOP\EXAM GP\CODDE_SAARTJE_2DAE_GD2_OPDRACHT1\SOURCE\OVERLORDENGINE\DEBUG\PARTICLEEMITTERCOMPONENT.OBJ
C:\USERS\SAARTJE\DESKTOP\EXAM GP\CODDE_SAARTJE_2DAE_GD2_OPDRACHT1\SOURCE\OVERLORDENGINE\DEBUG\RIGIDBODYCOMPONENT.OBJ
C:\USERS\SAARTJE\DESKTOP\EXAM GP\CODDE_SAARTJE_2DAE_GD2_OPDRACHT1\SOURCE\OVERLORDENGINE\DEBUG\INPUTMANAGER.OBJ
C:\USERS\SAARTJE\DESKTOP\EXAM GP\CODDE_SAARTJE_2DAE_GD2_OPDRACHT1\SOURCE\OVERLORDENGINE\DEBUG\COLLIDERCOMPONENT.OBJ
C:\USERS\SAARTJE\DESKTOP\EXAM GP\CODDE_SAARTJE_2DAE_GD2_OPDRACHT1\SOURCE\OVERLORDENGINE\DEBUG\CAMERACOMPONENT.OBJ
C:\USERS\SAARTJE\DESKTOP\EXAM GP\CODDE_SAARTJE_2DAE_GD2_OPDRACHT1\SOURCE\OVERLORDENGINE\DEBUG\BASECOMPONENT.OBJ
C:\USERS\SAARTJE\DESKTOP\EXAM GP\CODDE_SAARTJE_2DAE_GD2_OPDRACHT1\SOURCE\OVERLORDENGINE\DEBUG\OVERLORDGAME.OBJ
C:\USERS\SAARTJE\DESKTOP\EXAM GP\CODDE_SAARTJE_2DAE_GD2_OPDRACHT1\SOURCE\OVERLORDENGINE\DEBUG\MESHDRAWCOMPONENT.OBJ
C:\USERS\SAARTJE\DESKTOP\EXAM GP\CODDE_SAARTJE_2DAE_GD2_OPDRACHT1\SOURCE\OVERLORDENGINE\DEBUG\MESHINDEXEDDRAWCOMPONENT.OBJ
C:\USERS\SAARTJE\DESKTOP\EXAM GP\CODDE_SAARTJE_2DAE_GD2_OPDRACHT1\SOURCE\OVERLORDENGINE\DEBUG\CONTENTMANAGER.OBJ
C:\USERS\SAARTJE\DESKTOP\EXAM GP\CODDE_SAARTJE_2DAE_GD2_OPDRACHT1\SOURCE\OVERLORDENGINE\DEBUG\SPRITEFONTLOADER.OBJ
C:\USERS\SAARTJE\DESKTOP\EXAM GP\CODDE_SAARTJE_2DAE_GD2_OPDRACHT1\SOURCE\OVERLORDENGINE\DEBUG\TEXTUREDATALOADER.OBJ
C:\USERS\SAARTJE\DOCUMENTS\DIGITAL ARTS & ENTERTAINMENT\GRAPHICS PROGRAMMING 2\CODDE_SAARTJE_2DAE_GD2_OPDRACHT1\SOURCE\OVERLORDENGINE\DEBUG\OVERLORDENGINE.LIB
C:\USERS\SAARTJE\DESKTOP\EXAM GP\CODDE_SAARTJE_2DAE_GD2_OPDRACHT1\SOURCE\OVERLORDENGINE\DEBUG\OVERLORDENGINE.LIB
C:\Users\saartje\Desktop\Exam GP\Codde_Saartje_2DAE_GD2_Opdracht1\Source\OverlordEngine\Debug\BaseComponent.obj
C:\Users\saartje\Desktop\Exam GP\Codde_Saartje_2DAE_GD2_Opdracht1\Source\OverlordEngine\Debug\BinaryReader.obj
C:\Users\saartje\Desktop\Exam GP\Codde_Saartje_2DAE_GD2_Opdracht1\Source\OverlordEngine\Debug\CameraComponent.obj
C:\Users\saartje\Desktop\Exam GP\Codde_Saartje_2DAE_GD2_Opdracht1\Source\OverlordEngine\Debug\ColliderComponent.obj
C:\Users\saartje\Desktop\Exam GP\Codde_Saartje_2DAE_GD2_Opdracht1\Source\OverlordEngine\Debug\ContentManager.obj
C:\Users\saartje\Desktop\Exam GP\Codde_Saartje_2DAE_GD2_Opdracht1\Source\OverlordEngine\Debug\ControllerComponent.obj
C:\Users\saartje\Desktop\Exam GP\Codde_Saartje_2DAE_GD2_Opdracht1\Source\OverlordEngine\Debug\CubePrefab.obj
C:\Users\saartje\Desktop\Exam GP\Codde_Saartje_2DAE_GD2_Opdracht1\Source\OverlordEngine\Debug\DebugRenderer.obj
C:\Users\saartje\Desktop\Exam GP\Codde_Saartje_2DAE_GD2_Opdracht1\Source\OverlordEngine\Debug\EffectHelper.obj
C:\Users\saartje\Desktop\Exam GP\Codde_Saartje_2DAE_GD2_Opdracht1\Source\OverlordEngine\Debug\EffectLoader.obj
C:\Users\saartje\Desktop\Exam GP\Codde_Saartje_2DAE_GD2_Opdracht1\Source\OverlordEngine\Debug\FixedCamera.obj
C:\Users\saartje\Desktop\Exam GP\Codde_Saartje_2DAE_GD2_Opdracht1\Source\OverlordEngine\Debug\FreeCamera.obj
C:\Users\saartje\Desktop\Exam GP\Codde_Saartje_2DAE_GD2_Opdracht1\Source\OverlordEngine\Debug\GameObject.obj
C:\Users\saartje\Desktop\Exam GP\Codde_Saartje_2DAE_GD2_Opdracht1\Source\OverlordEngine\Debug\GameScene.obj
C:\Users\saartje\Desktop\Exam GP\Codde_Saartje_2DAE_GD2_Opdracht1\Source\OverlordEngine\Debug\GameSpecs.obj
C:\Users\saartje\Desktop\Exam GP\Codde_Saartje_2DAE_GD2_Opdracht1\Source\OverlordEngine\Debug\GameTime.obj
C:\Users\saartje\Desktop\Exam GP\Codde_Saartje_2DAE_GD2_Opdracht1\Source\OverlordEngine\Debug\InputManager.obj
C:\Users\saartje\Desktop\Exam GP\Codde_Saartje_2DAE_GD2_Opdracht1\Source\OverlordEngine\Debug\Logger.obj
C:\Users\saartje\Desktop\Exam GP\Codde_Saartje_2DAE_GD2_Opdracht1\Source\OverlordEngine\Debug\Material.obj
C:\Users\saartje\Desktop\Exam GP\Codde_Saartje_2DAE_GD2_Opdracht1\Source\OverlordEngine\Debug\MaterialManager.obj
C:\Users\saartje\Desktop\Exam GP\Codde_Saartje_2DAE_GD2_Opdracht1\Source\OverlordEngine\Debug\MathHelper.obj
C:\Users\saartje\Desktop\Exam GP\Codde_Saartje_2DAE_GD2_Opdracht1\Source\OverlordEngine\Debug\MeshDrawComponent.obj
C:\Users\saartje\Desktop\Exam GP\Codde_Saartje_2DAE_GD2_Opdracht1\Source\OverlordEngine\Debug\MeshFilter.obj
C:\Users\saartje\Desktop\Exam GP\Codde_Saartje_2DAE_GD2_Opdracht1\Source\OverlordEngine\Debug\MeshFilterLoader.obj
C:\Users\saartje\Desktop\Exam GP\Codde_Saartje_2DAE_GD2_Opdracht1\Source\OverlordEngine\Debug\MeshIndexedDrawComponent.obj
C:\Users\saartje\Desktop\Exam GP\Codde_Saartje_2DAE_GD2_Opdracht1\Source\OverlordEngine\Debug\ModelAnimator.obj
C:\Users\saartje\Desktop\Exam GP\Codde_Saartje_2DAE_GD2_Opdracht1\Source\OverlordEngine\Debug\ModelComponent.obj
C:\Users\saartje\Desktop\Exam GP\Codde_Saartje_2DAE_GD2_Opdracht1\Source\OverlordEngine\Debug\OverlordGame.obj
C:\Users\saartje\Desktop\Exam GP\Codde_Saartje_2DAE_GD2_Opdracht1\Source\OverlordEngine\Debug\Particle.obj
C:\Users\saartje\Desktop\Exam GP\Codde_Saartje_2DAE_GD2_Opdracht1\Source\OverlordEngine\Debug\ParticleEmitterComponent.obj
C:\Users\saartje\Desktop\Exam GP\Codde_Saartje_2DAE_GD2_Opdracht1\Source\OverlordEngine\Debug\PhysxErrorCallback.obj
C:\Users\saartje\Desktop\Exam GP\Codde_Saartje_2DAE_GD2_Opdracht1\Source\OverlordEngine\Debug\PhysxHelper.obj
C:\Users\saartje\Desktop\Exam GP\Codde_Saartje_2DAE_GD2_Opdracht1\Source\OverlordEngine\Debug\PhysxManager.obj
C:\Users\saartje\Desktop\Exam GP\Codde_Saartje_2DAE_GD2_Opdracht1\Source\OverlordEngine\Debug\PhysxProxy.obj
C:\Users\saartje\Desktop\Exam GP\Codde_Saartje_2DAE_GD2_Opdracht1\Source\OverlordEngine\Debug\PostProcessingMaterial.obj
C:\Users\saartje\Desktop\Exam GP\Codde_Saartje_2DAE_GD2_Opdracht1\Source\OverlordEngine\Debug\PxConvexMeshLoader.obj
C:\Users\saartje\Desktop\Exam GP\Codde_Saartje_2DAE_GD2_Opdracht1\Source\OverlordEngine\Debug\PxTriangleMeshLoader.obj
C:\Users\saartje\Desktop\Exam GP\Codde_Saartje_2DAE_GD2_Opdracht1\Source\OverlordEngine\Debug\RenderTarget.obj
C:\Users\saartje\Desktop\Exam GP\Codde_Saartje_2DAE_GD2_Opdracht1\Source\OverlordEngine\Debug\RigidBodyComponent.obj
C:\Users\saartje\Desktop\Exam GP\Codde_Saartje_2DAE_GD2_Opdracht1\Source\OverlordEngine\Debug\SceneManager.obj
C:\Users\saartje\Desktop\Exam GP\Codde_Saartje_2DAE_GD2_Opdracht1\Source\OverlordEngine\Debug\SkyBoxPrefab.obj
C:\Users\saartje\Desktop\Exam GP\Codde_Saartje_2DAE_GD2_Opdracht1\Source\OverlordEngine\Debug\SpherePrefab.obj
C:\Users\saartje\Desktop\Exam GP\Codde_Saartje_2DAE_GD2_Opdracht1\Source\OverlordEngine\Debug\SpriteComponent.obj
C:\Users\saartje\Desktop\Exam GP\Codde_Saartje_2DAE_GD2_Opdracht1\Source\OverlordEngine\Debug\SpriteFont.obj
C:\Users\saartje\Desktop\Exam GP\Codde_Saartje_2DAE_GD2_Opdracht1\Source\OverlordEngine\Debug\SpriteFontLoader.obj
C:\Users\saartje\Desktop\Exam GP\Codde_Saartje_2DAE_GD2_Opdracht1\Source\OverlordEngine\Debug\SpriteRenderer.obj
C:\Users\saartje\Desktop\Exam GP\Codde_Saartje_2DAE_GD2_Opdracht1\Source\OverlordEngine\Debug\stdafx.obj
C:\Users\saartje\Desktop\Exam GP\Codde_Saartje_2DAE_GD2_Opdracht1\Source\OverlordEngine\Debug\TextRenderer.obj
C:\Users\saartje\Desktop\Exam GP\Codde_Saartje_2DAE_GD2_Opdracht1\Source\OverlordEngine\Debug\TextureData.obj
C:\Users\saartje\Desktop\Exam GP\Codde_Saartje_2DAE_GD2_Opdracht1\Source\OverlordEngine\Debug\TextureDataLoader.obj
C:\Users\saartje\Desktop\Exam GP\Codde_Saartje_2DAE_GD2_Opdracht1\Source\OverlordEngine\Debug\TorusPrefab.obj
C:\Users\saartje\Desktop\Exam GP\Codde_Saartje_2DAE_GD2_Opdracht1\Source\OverlordEngine\Debug\TransformComponent.obj
C:\Users\saartje\Desktop\Exam GP\Codde_Saartje_2DAE_GD2_Opdracht1\Source\OverlordEngine\Debug\VertexHelper.obj
C:\Users\saartje\Desktop\Exam GP\Codde_Saartje_2DAE_GD2_Opdracht1\Source\OverlordEngine\Debug\cl.command.1.tlog
C:\Users\saartje\Desktop\Exam GP\Codde_Saartje_2DAE_GD2_Opdracht1\Source\OverlordEngine\Debug\CL.read.1.tlog
C:\Users\saartje\Desktop\Exam GP\Codde_Saartje_2DAE_GD2_Opdracht1\Source\OverlordEngine\Debug\CL.write.1.tlog
C:\Users\saartje\Desktop\Exam GP\Codde_Saartje_2DAE_GD2_Opdracht1\Source\OverlordEngine\Debug\Lib-link.read.1.tlog
C:\Users\saartje\Desktop\Exam GP\Codde_Saartje_2DAE_GD2_Opdracht1\Source\OverlordEngine\Debug\Lib-link.write.1.tlog
C:\Users\saartje\Desktop\Exam GP\Codde_Saartje_2DAE_GD2_Opdracht1\Source\OverlordEngine\Debug\lib.command.1.tlog
C:\Users\saartje\Desktop\Exam GP\Codde_Saartje_2DAE_GD2_Opdracht1\Source\OverlordEngine\Debug\OverlordEngine.pch
C:\Users\saartje\Desktop\Exam GP\Codde_Saartje_2DAE_GD2_Opdracht1\Source\OverlordEngine\Debug\vc110.idb
C:\Users\saartje\Desktop\Exam GP\Codde_Saartje_2DAE_GD2_Opdracht1\Source\OverlordEngine\Debug\vc110.pdb
C:\Users\saartje\Desktop\Exam GP\Codde_Saartje_2DAE_GD2_Opdracht1\Source\OverlordEngine\Debug\OverlordEngine.lib
