C:\USERS\SAARTJE\DESKTOP\GRAPHICS PROGRAMMING EXAM\ALL LABO'S\WEEK_5\OVERLORDENGINE_W5_STUDENTS2\OVERLORDPROJECT\RELEASE\RACESTARTSCREEN.OBJ
C:\USERS\SAARTJE\DESKTOP\GRAPHICS PROGRAMMING EXAM\ALL LABO'S\WEEK_5\OVERLORDENGINE_W5_STUDENTS2\OVERLORDPROJECT\RELEASE\RACECHARACTER.OBJ
C:\USERS\SAARTJE\DESKTOP\GRAPHICS PROGRAMMING EXAM\ALL LABO'S\WEEK_5\OVERLORDENGINE_W5_STUDENTS2\OVERLORDPROJECT\RELEASE\DRAGONNEST.OBJ
C:\USERS\SAARTJE\DESKTOP\GRAPHICS PROGRAMMING EXAM\ALL LABO'S\WEEK_5\OVERLORDENGINE_W5_STUDENTS2\OVERLORDPROJECT\RELEASE\DRAGONEGG.OBJ
C:\USERS\SAARTJE\DESKTOP\GRAPHICS PROGRAMMING EXAM\ALL LABO'S\WEEK_5\OVERLORDENGINE_W5_STUDENTS2\OVERLORDPROJECT\RELEASE\DEADSCREEN.OBJ
C:\USERS\SAARTJE\DESKTOP\GRAPHICS PROGRAMMING EXAM\ALL LABO'S\WEEK_5\OVERLORDENGINE_W5_STUDENTS2\OVERLORDPROJECT\RELEASE\POSTGRAYSCALE.OBJ
C:\USERS\SAARTJE\DESKTOP\GRAPHICS PROGRAMMING EXAM\ALL LABO'S\WEEK_5\OVERLORDENGINE_W5_STUDENTS2\OVERLORDPROJECT\RELEASE\POSTBLUR.OBJ
C:\USERS\SAARTJE\DESKTOP\GRAPHICS PROGRAMMING EXAM\ALL LABO'S\WEEK_5\OVERLORDENGINE_W5_STUDENTS2\OVERLORDPROJECT\RELEASE\GRASSTEST.OBJ
C:\USERS\SAARTJE\DESKTOP\GRAPHICS PROGRAMMING EXAM\ALL LABO'S\WEEK_5\OVERLORDENGINE_W5_STUDENTS2\OVERLORDPROJECT\RELEASE\POSTPROCESSINGSCENE.OBJ
C:\USERS\SAARTJE\DESKTOP\GRAPHICS PROGRAMMING EXAM\ALL LABO'S\WEEK_5\OVERLORDENGINE_W5_STUDENTS2\OVERLORDPROJECT\RELEASE\HARDWARESKINNINGSCENE.OBJ
C:\USERS\SAARTJE\DESKTOP\GRAPHICS PROGRAMMING EXAM\ALL LABO'S\WEEK_5\OVERLORDENGINE_W5_STUDENTS2\OVERLORDPROJECT\RELEASE\SOFTWARESKINNINGSCENE_3.OBJ
C:\USERS\SAARTJE\DESKTOP\GRAPHICS PROGRAMMING EXAM\ALL LABO'S\WEEK_5\OVERLORDENGINE_W5_STUDENTS2\OVERLORDPROJECT\RELEASE\SOFTWARESKINNINGSCENE_2.OBJ
C:\USERS\SAARTJE\DESKTOP\GRAPHICS PROGRAMMING EXAM\ALL LABO'S\WEEK_5\OVERLORDENGINE_W5_STUDENTS2\OVERLORDPROJECT\RELEASE\SOFTWARESKINNINGSCENE_1.OBJ
C:\USERS\SAARTJE\DESKTOP\GRAPHICS PROGRAMMING EXAM\ALL LABO'S\WEEK_5\OVERLORDENGINE_W5_STUDENTS2\OVERLORDPROJECT\RELEASE\SKINNEDVERTEX.OBJ
C:\USERS\SAARTJE\DESKTOP\GRAPHICS PROGRAMMING EXAM\ALL LABO'S\WEEK_5\OVERLORDENGINE_W5_STUDENTS2\OVERLORDPROJECT\RELEASE\BONEOBJECT.OBJ
C:\USERS\SAARTJE\DESKTOP\GRAPHICS PROGRAMMING EXAM\ALL LABO'S\WEEK_5\OVERLORDENGINE_W5_STUDENTS2\OVERLORDPROJECT\RELEASE\SPRITEFONTTESTSCENE.OBJ
C:\USERS\SAARTJE\DESKTOP\GRAPHICS PROGRAMMING EXAM\ALL LABO'S\WEEK_5\OVERLORDENGINE_W5_STUDENTS2\OVERLORDPROJECT\RELEASE\PICKSCENE.OBJ
C:\USERS\SAARTJE\DESKTOP\GRAPHICS PROGRAMMING EXAM\ALL LABO'S\WEEK_5\OVERLORDENGINE_W5_STUDENTS2\OVERLORDPROJECT\RELEASE\SKYBOXTESTSCENE.OBJ
C:\USERS\SAARTJE\DESKTOP\GRAPHICS PROGRAMMING EXAM\ALL LABO'S\WEEK_5\OVERLORDENGINE_W5_STUDENTS2\OVERLORDPROJECT\RELEASE\SKYBOXSCENE.OBJ
C:\USERS\SAARTJE\DESKTOP\GRAPHICS PROGRAMMING EXAM\ALL LABO'S\WEEK_5\OVERLORDENGINE_W5_STUDENTS2\OVERLORDPROJECT\RELEASE\PARTICLESCENE.OBJ
C:\USERS\SAARTJE\DESKTOP\GRAPHICS PROGRAMMING EXAM\ALL LABO'S\WEEK_5\OVERLORDENGINE_W5_STUDENTS2\OVERLORDPROJECT\RELEASE\MODELTESTSCENE.OBJ
C:\USERS\SAARTJE\DESKTOP\GRAPHICS PROGRAMMING EXAM\ALL LABO'S\WEEK_5\OVERLORDENGINE_W5_STUDENTS2\OVERLORDPROJECT\RELEASE\COLORMATERIAL.OBJ
C:\USERS\SAARTJE\DESKTOP\GRAPHICS PROGRAMMING EXAM\ALL LABO'S\WEEK_5\OVERLORDENGINE_W5_STUDENTS2\OVERLORDPROJECT\RELEASE\SPIKEYMATERIAL.OBJ
C:\USERS\SAARTJE\DESKTOP\GRAPHICS PROGRAMMING EXAM\ALL LABO'S\WEEK_5\OVERLORDENGINE_W5_STUDENTS2\OVERLORDPROJECT\RELEASE\MAINGAME.OBJ
C:\USERS\SAARTJE\DESKTOP\GRAPHICS PROGRAMMING EXAM\ALL LABO'S\WEEK_5\OVERLORDENGINE_W5_STUDENTS2\OVERLORDPROJECT\RELEASE\MAIN.OBJ
C:\USERS\SAARTJE\DESKTOP\GRAPHICS PROGRAMMING EXAM\ALL LABO'S\WEEK_5\OVERLORDENGINE_W5_STUDENTS2\OVERLORDPROJECT\RELEASE\DIFFUSEMATERIAL.OBJ
C:\USERS\SAARTJE\DESKTOP\GRAPHICS PROGRAMMING EXAM\ALL LABO'S\WEEK_5\OVERLORDENGINE_W5_STUDENTS2\OVERLORDPROJECT\RELEASE\DARKNESS.OBJ
C:\USERS\SAARTJE\DESKTOP\GRAPHICS PROGRAMMING EXAM\ALL LABO'S\WEEK_5\OVERLORDENGINE_W5_STUDENTS2\OVERLORDPROJECT\RELEASE\EXAMGAMESCENE.OBJ
C:\USERS\SAARTJE\DESKTOP\GRAPHICS PROGRAMMING EXAM\ALL LABO'S\WEEK_5\OVERLORDENGINE_W5_STUDENTS2\OVERLORDPROJECT\RELEASE\CHARACTERTEST.OBJ
C:\USERS\SAARTJE\DESKTOP\GRAPHICS PROGRAMMING EXAM\ALL LABO'S\WEEK_5\OVERLORDENGINE_W5_STUDENTS2\OVERLORDPROJECT\RELEASE\CHARACTER.OBJ
C:\USERS\SAARTJE\DESKTOP\GRAPHICS PROGRAMMING EXAM\ALL LABO'S\WEEK_5\OVERLORDENGINE_W5_STUDENTS2\OVERLORDPROJECT\RELEASE\SPIKEYSCENE.OBJ
C:\USERS\SAARTJE\DESKTOP\GRAPHICS PROGRAMMING EXAM\ALL LABO'S\WEEK_5\OVERLORDENGINE_W5_STUDENTS2\OVERLORDPROJECT\RELEASE\PONGSCENE.OBJ
C:\USERS\SAARTJE\DESKTOP\GRAPHICS PROGRAMMING EXAM\ALL LABO'S\WEEK_5\OVERLORDENGINE_W5_STUDENTS2\OVERLORDPROJECT\RELEASE\PEDDLE.OBJ
C:\USERS\SAARTJE\DESKTOP\GRAPHICS PROGRAMMING EXAM\ALL LABO'S\WEEK_5\OVERLORDENGINE_W5_STUDENTS2\OVERLORDPROJECT\RELEASE\BALL.OBJ
C:\USERS\SAARTJE\DESKTOP\GRAPHICS PROGRAMMING EXAM\ALL LABO'S\WEEK_5\OVERLORDENGINE_W5_STUDENTS2\OVERLORDPROJECT\RELEASE\SKYBOXMATERIAL.OBJ
C:\USERS\SAARTJE\DESKTOP\GRAPHICS PROGRAMMING EXAM\ALL LABO'S\WEEK_5\OVERLORDENGINE_W5_STUDENTS2\OVERLORDPROJECT\RELEASE\SKINNEDDIFFUSEMATERIAL.OBJ
C:\USERS\SAARTJE\DESKTOP\GRAPHICS PROGRAMMING EXAM\ALL LABO'S\WEEK_5\OVERLORDENGINE_W5_STUDENTS2\OVERLORDPROJECT\RELEASE\GRASS.OBJ
C:\USERS\SAARTJE\DESKTOP\GRAPHICS PROGRAMMING EXAM\ALL LABO'S\WEEK_5\OVERLORDENGINE_W5_STUDENTS2\OVERLORDPROJECT\RELEASE\STARTMENU.OBJ
C:\USERS\SAARTJE\DESKTOP\GRAPHICS PROGRAMMING EXAM\ALL LABO'S\WEEK_5\OVERLORDENGINE_W5_STUDENTS2\OVERLORDPROJECT\RELEASE\RESTARTSCREEN.OBJ
C:\USERS\SAARTJE\DESKTOP\GRAPHICS PROGRAMMING EXAM\ALL LABO'S\WEEK_5\OVERLORDENGINE_W5_STUDENTS2\OVERLORDPROJECT\RELEASE\RACETRACKSCENE.OBJ
C:\USERS\SAARTJE\DESKTOP\GRAPHICS PROGRAMMING EXAM\ALL LABO'S\WEEK_5\OVERLORDENGINE_W5_STUDENTS2\OVERLORDPROJECT\RELEASE\TUTORIALSCENE.OBJ
C:\USERS\SAARTJE\DESKTOP\GRAPHICS PROGRAMMING EXAM\ALL LABO'S\WEEK_5\OVERLORDENGINE_W5_STUDENTS2\OVERLORDPROJECT\RELEASE\WALL.OBJ
C:\USERS\SAARTJE\DESKTOP\GRAPHICS PROGRAMMING EXAM\ALL LABO'S\WEEK_5\OVERLORDENGINE_W5_STUDENTS2\OVERLORDPROJECT\RELEASE\SPRITETESTSCENE.OBJ
C:\USERS\SAARTJE\DESKTOP\GRAPHICS PROGRAMMING EXAM\ALL LABO'S\WEEK_5\OVERLORDENGINE_W5_STUDENTS2\OVERLORDPROJECT\RELEASE\VC110.PDB
C:\USERS\SAARTJE\DESKTOP\GRAPHICS PROGRAMMING EXAM\ALL LABO'S\WEEK_5\OVERLORDENGINE_W5_STUDENTS2\BUILD\RELEASE\OVERLORDPROJECT.EXE
C:\USERS\SAARTJE\DESKTOP\GRAPHICS PROGRAMMING EXAM\ALL LABO'S\WEEK_5\OVERLORDENGINE_W5_STUDENTS2\BUILD\RELEASE\OVERLORDPROJECT.PDB
C:\Users\saartje\Desktop\Codde_Saartje_2DAE_GD2_Opdracht1\Source\OverlordProject\Release\OverlordProject.vcxprojResolveAssemblyReference.cache
C:\Users\saartje\Desktop\Codde_Saartje_2DAE_GD2_Opdracht1\Source\OverlordProject\Release\Ball.obj
C:\Users\saartje\Desktop\Codde_Saartje_2DAE_GD2_Opdracht1\Source\OverlordProject\Release\BoneObject.obj
C:\Users\saartje\Desktop\Codde_Saartje_2DAE_GD2_Opdracht1\Source\OverlordProject\Release\Character.obj
C:\Users\saartje\Desktop\Codde_Saartje_2DAE_GD2_Opdracht1\Source\OverlordProject\Release\CharacterTest.obj
C:\Users\saartje\Desktop\Codde_Saartje_2DAE_GD2_Opdracht1\Source\OverlordProject\Release\ColorMaterial.obj
C:\Users\saartje\Desktop\Codde_Saartje_2DAE_GD2_Opdracht1\Source\OverlordProject\Release\Darkness.obj
C:\Users\saartje\Desktop\Codde_Saartje_2DAE_GD2_Opdracht1\Source\OverlordProject\Release\DeadScreen.obj
C:\Users\saartje\Desktop\Codde_Saartje_2DAE_GD2_Opdracht1\Source\OverlordProject\Release\DiffuseMaterial.obj
C:\Users\saartje\Desktop\Codde_Saartje_2DAE_GD2_Opdracht1\Source\OverlordProject\Release\DragonEgg.obj
C:\Users\saartje\Desktop\Codde_Saartje_2DAE_GD2_Opdracht1\Source\OverlordProject\Release\DragonNest.obj
C:\Users\saartje\Desktop\Codde_Saartje_2DAE_GD2_Opdracht1\Source\OverlordProject\Release\ExamGameScene.obj
C:\Users\saartje\Desktop\Codde_Saartje_2DAE_GD2_Opdracht1\Source\OverlordProject\Release\Grass.obj
C:\Users\saartje\Desktop\Codde_Saartje_2DAE_GD2_Opdracht1\Source\OverlordProject\Release\GrassTest.obj
C:\Users\saartje\Desktop\Codde_Saartje_2DAE_GD2_Opdracht1\Source\OverlordProject\Release\HardwareSkinningScene.obj
C:\Users\saartje\Desktop\Codde_Saartje_2DAE_GD2_Opdracht1\Source\OverlordProject\Release\Main.obj
C:\Users\saartje\Desktop\Codde_Saartje_2DAE_GD2_Opdracht1\Source\OverlordProject\Release\MainGame.obj
C:\Users\saartje\Desktop\Codde_Saartje_2DAE_GD2_Opdracht1\Source\OverlordProject\Release\ModelTestScene.obj
C:\Users\saartje\Desktop\Codde_Saartje_2DAE_GD2_Opdracht1\Source\OverlordProject\Release\ParticleScene.obj
C:\Users\saartje\Desktop\Codde_Saartje_2DAE_GD2_Opdracht1\Source\OverlordProject\Release\Peddle.obj
C:\Users\saartje\Desktop\Codde_Saartje_2DAE_GD2_Opdracht1\Source\OverlordProject\Release\PickScene.obj
C:\Users\saartje\Desktop\Codde_Saartje_2DAE_GD2_Opdracht1\Source\OverlordProject\Release\PongScene.obj
C:\Users\saartje\Desktop\Codde_Saartje_2DAE_GD2_Opdracht1\Source\OverlordProject\Release\PostBlur.obj
C:\Users\saartje\Desktop\Codde_Saartje_2DAE_GD2_Opdracht1\Source\OverlordProject\Release\PostGrayScale.obj
C:\Users\saartje\Desktop\Codde_Saartje_2DAE_GD2_Opdracht1\Source\OverlordProject\Release\PostProcessingScene.obj
C:\Users\saartje\Desktop\Codde_Saartje_2DAE_GD2_Opdracht1\Source\OverlordProject\Release\RaceCharacter.obj
C:\Users\saartje\Desktop\Codde_Saartje_2DAE_GD2_Opdracht1\Source\OverlordProject\Release\RaceStartScreen.obj
C:\Users\saartje\Desktop\Codde_Saartje_2DAE_GD2_Opdracht1\Source\OverlordProject\Release\RaceTrackScene.obj
C:\Users\saartje\Desktop\Codde_Saartje_2DAE_GD2_Opdracht1\Source\OverlordProject\Release\RestartScreen.obj
C:\Users\saartje\Desktop\Codde_Saartje_2DAE_GD2_Opdracht1\Source\OverlordProject\Release\SkinnedDiffuseMaterial.obj
C:\Users\saartje\Desktop\Codde_Saartje_2DAE_GD2_Opdracht1\Source\OverlordProject\Release\SkinnedVertex.obj
C:\Users\saartje\Desktop\Codde_Saartje_2DAE_GD2_Opdracht1\Source\OverlordProject\Release\SkyBoxMaterial.obj
C:\Users\saartje\Desktop\Codde_Saartje_2DAE_GD2_Opdracht1\Source\OverlordProject\Release\SkyboxScene.obj
C:\Users\saartje\Desktop\Codde_Saartje_2DAE_GD2_Opdracht1\Source\OverlordProject\Release\SkyBoxTestScene.obj
C:\Users\saartje\Desktop\Codde_Saartje_2DAE_GD2_Opdracht1\Source\OverlordProject\Release\SoftwareSkinningScene_1.obj
C:\Users\saartje\Desktop\Codde_Saartje_2DAE_GD2_Opdracht1\Source\OverlordProject\Release\SoftwareSkinningScene_2.obj
C:\Users\saartje\Desktop\Codde_Saartje_2DAE_GD2_Opdracht1\Source\OverlordProject\Release\SoftwareSkinningScene_3.obj
C:\Users\saartje\Desktop\Codde_Saartje_2DAE_GD2_Opdracht1\Source\OverlordProject\Release\SpikeyMaterial.obj
C:\Users\saartje\Desktop\Codde_Saartje_2DAE_GD2_Opdracht1\Source\OverlordProject\Release\SpikeyScene.obj
C:\Users\saartje\Desktop\Codde_Saartje_2DAE_GD2_Opdracht1\Source\OverlordProject\Release\SpriteFontTestScene.obj
C:\Users\saartje\Desktop\Codde_Saartje_2DAE_GD2_Opdracht1\Source\OverlordProject\Release\SpriteTestScene.obj
C:\Users\saartje\Desktop\Codde_Saartje_2DAE_GD2_Opdracht1\Source\OverlordProject\Release\StartMenu.obj
C:\Users\saartje\Desktop\Codde_Saartje_2DAE_GD2_Opdracht1\Source\OverlordProject\Release\TutorialScene.obj
C:\Users\saartje\Desktop\Codde_Saartje_2DAE_GD2_Opdracht1\Source\OverlordProject\Release\Wall.obj
C:\Users\saartje\Desktop\Codde_Saartje_2DAE_GD2_Opdracht1\Source\OverlordProject\Release\cl.command.1.tlog
C:\Users\saartje\Desktop\Codde_Saartje_2DAE_GD2_Opdracht1\Source\OverlordProject\Release\CL.read.1.tlog
C:\Users\saartje\Desktop\Codde_Saartje_2DAE_GD2_Opdracht1\Source\OverlordProject\Release\CL.write.1.tlog
C:\Users\saartje\Desktop\Codde_Saartje_2DAE_GD2_Opdracht1\Source\OverlordProject\Release\link-cvtres.read.1.tlog
C:\Users\saartje\Desktop\Codde_Saartje_2DAE_GD2_Opdracht1\Source\OverlordProject\Release\link-cvtres.write.1.tlog
C:\Users\saartje\Desktop\Codde_Saartje_2DAE_GD2_Opdracht1\Source\OverlordProject\Release\link-rc.read.1.tlog
C:\Users\saartje\Desktop\Codde_Saartje_2DAE_GD2_Opdracht1\Source\OverlordProject\Release\link-rc.write.1.tlog
C:\Users\saartje\Desktop\Codde_Saartje_2DAE_GD2_Opdracht1\Source\OverlordProject\Release\link.command.1.tlog
C:\Users\saartje\Desktop\Codde_Saartje_2DAE_GD2_Opdracht1\Source\OverlordProject\Release\link.read.1.tlog
C:\Users\saartje\Desktop\Codde_Saartje_2DAE_GD2_Opdracht1\Source\OverlordProject\Release\link.read.2.tlog
C:\Users\saartje\Desktop\Codde_Saartje_2DAE_GD2_Opdracht1\Source\OverlordProject\Release\link.write.1.tlog
C:\Users\saartje\Desktop\Codde_Saartje_2DAE_GD2_Opdracht1\Source\OverlordProject\Release\vc110.pdb
C:\Users\saartje\Desktop\Codde_Saartje_2DAE_GD2_Opdracht1\Source\OverlordProject\..\Build\Release\OverlordProject.exe
